[0.009s] Invoking command in '/home/keith/dev_ws/src/my_bot/build/my_bot': CMAKE_PREFIX_PATH=${CMAKE_PREFIX_PATH}:/opt/ros/humble /usr/bin/cmake /home/keith/dev_ws/src/my_bot -DAMENT_CMAKE_SYMLINK_INSTALL=1 -DCMAKE_INSTALL_PREFIX=/home/keith/dev_ws/src/my_bot/install/my_bot
[0.156s] -- The C compiler identification is GNU 11.4.0
[0.272s] -- The CXX compiler identification is GNU 11.4.0
[0.284s] -- Detecting C compiler ABI info
[0.360s] -- Detecting C compiler ABI info - done
[0.370s] -- Check for working C compiler: /usr/bin/cc - skipped
[0.372s] -- Detecting C compile features
[0.372s] -- Detecting C compile features - done
[0.376s] -- Detecting CXX compiler ABI info
[0.461s] -- Detecting CXX compiler ABI info - done
[0.466s] -- Check for working CXX compiler: /usr/bin/c++ - skipped
[0.466s] -- Detecting CXX compile features
[0.467s] -- Detecting CXX compile features - done
[0.472s] -- Found ament_cmake: 1.3.14 (/opt/ros/humble/share/ament_cmake/cmake)
[0.623s] -- Found Python3: /usr/bin/python3 (found version "3.10.12") found components: Interpreter 
[0.694s] -- Override CMake install command with custom implementation using symlinks instead of copying resources
[0.732s] -- Found ament_lint_auto: 0.12.15 (/opt/ros/humble/share/ament_lint_auto/cmake)
[0.821s] -- Added test 'copyright' to check source files copyright and LICENSE
[0.838s] -- Added test 'cppcheck' to perform static code analysis on C / C++ code
[0.838s] -- Configured cppcheck include dirs: 
[0.838s] -- Configured cppcheck exclude dirs and/or files: 
[0.851s] -- Added test 'cpplint' to check C / C++ code against the Google style
[0.851s] -- Configured cpplint exclude dirs and/or files: 
[0.853s] -- Added test 'flake8' to check Python code syntax and style conventions
[0.858s] -- Added test 'lint_cmake' to check CMake code style
[0.860s] -- Added test 'pep257' to check Python code against some of the docstring style conventions in PEP 257
[0.875s] -- Added test 'uncrustify' to check C / C++ code style
[0.875s] -- Configured uncrustify additional arguments: 
[0.878s] -- Added test 'xmllint' to check XML markup files
[0.880s] -- Configuring done
[0.883s] -- Generating done
[0.884s] -- Build files have been written to: /home/keith/dev_ws/src/my_bot/build/my_bot
[0.889s] Invoked command in '/home/keith/dev_ws/src/my_bot/build/my_bot' returned '0': CMAKE_PREFIX_PATH=${CMAKE_PREFIX_PATH}:/opt/ros/humble /usr/bin/cmake /home/keith/dev_ws/src/my_bot -DAMENT_CMAKE_SYMLINK_INSTALL=1 -DCMAKE_INSTALL_PREFIX=/home/keith/dev_ws/src/my_bot/install/my_bot
[0.891s] Invoking command in '/home/keith/dev_ws/src/my_bot/build/my_bot': CMAKE_PREFIX_PATH=${CMAKE_PREFIX_PATH}:/opt/ros/humble /usr/bin/cmake --build /home/keith/dev_ws/src/my_bot/build/my_bot -- -j4 -l4
[0.931s] Invoked command in '/home/keith/dev_ws/src/my_bot/build/my_bot' returned '0': CMAKE_PREFIX_PATH=${CMAKE_PREFIX_PATH}:/opt/ros/humble /usr/bin/cmake --build /home/keith/dev_ws/src/my_bot/build/my_bot -- -j4 -l4
[0.943s] Invoking command in '/home/keith/dev_ws/src/my_bot/build/my_bot': CMAKE_PREFIX_PATH=${CMAKE_PREFIX_PATH}:/opt/ros/humble /usr/bin/cmake --install /home/keith/dev_ws/src/my_bot/build/my_bot
[0.950s] -- Install configuration: ""
[0.950s] -- Execute custom install script
[0.951s] -- Symlinking: /home/keith/dev_ws/src/my_bot/install/my_bot/share/my_bot/config/empty.yaml
[0.960s] -- Symlinking: /home/keith/dev_ws/src/my_bot/install/my_bot/share/my_bot/config/gz_bridge.yaml
[0.968s] -- Symlinking: /home/keith/dev_ws/src/my_bot/install/my_bot/share/my_bot/config/my_bot_rviz.config.rviz
[0.978s] -- Symlinking: /home/keith/dev_ws/src/my_bot/install/my_bot/share/my_bot/config/my_controllers.yaml
[0.987s] -- Symlinking: /home/keith/dev_ws/src/my_bot/install/my_bot/share/my_bot/description/gazebo_control.xacro
[0.996s] -- Symlinking: /home/keith/dev_ws/src/my_bot/install/my_bot/share/my_bot/description/inertial_macros.xacro
[1.004s] -- Symlinking: /home/keith/dev_ws/src/my_bot/install/my_bot/share/my_bot/description/robot.urdf.xacro
[1.018s] -- Symlinking: /home/keith/dev_ws/src/my_bot/install/my_bot/share/my_bot/description/robot_core.xacro
[1.023s] -- Symlinking: /home/keith/dev_ws/src/my_bot/install/my_bot/share/my_bot/description/ros2_control.xacro
[1.033s] -- Symlinking: /home/keith/dev_ws/src/my_bot/install/my_bot/share/my_bot/launch/launch_sim.launch.py
[1.043s] -- Symlinking: /home/keith/dev_ws/src/my_bot/install/my_bot/share/my_bot/launch/rsp.launch.py
[1.052s] -- Symlinking: /home/keith/dev_ws/src/my_bot/install/my_bot/share/my_bot/worlds/empty.world
[1.062s] -- Symlinking: /home/keith/dev_ws/src/my_bot/install/my_bot/share/ament_index/resource_index/package_run_dependencies/my_bot
[1.071s] -- Symlinking: /home/keith/dev_ws/src/my_bot/install/my_bot/share/ament_index/resource_index/parent_prefix_path/my_bot
[1.080s] -- Symlinking: /home/keith/dev_ws/src/my_bot/install/my_bot/share/my_bot/environment/ament_prefix_path.sh
[1.089s] -- Symlinking: /home/keith/dev_ws/src/my_bot/install/my_bot/share/my_bot/environment/ament_prefix_path.dsv
[1.098s] -- Symlinking: /home/keith/dev_ws/src/my_bot/install/my_bot/share/my_bot/environment/path.sh
[1.107s] -- Symlinking: /home/keith/dev_ws/src/my_bot/install/my_bot/share/my_bot/environment/path.dsv
[1.116s] -- Symlinking: /home/keith/dev_ws/src/my_bot/install/my_bot/share/my_bot/local_setup.bash
[1.126s] -- Symlinking: /home/keith/dev_ws/src/my_bot/install/my_bot/share/my_bot/local_setup.sh
[1.135s] -- Symlinking: /home/keith/dev_ws/src/my_bot/install/my_bot/share/my_bot/local_setup.zsh
[1.145s] -- Symlinking: /home/keith/dev_ws/src/my_bot/install/my_bot/share/my_bot/local_setup.dsv
[1.154s] -- Symlinking: /home/keith/dev_ws/src/my_bot/install/my_bot/share/my_bot/package.dsv
[1.164s] -- Symlinking: /home/keith/dev_ws/src/my_bot/install/my_bot/share/ament_index/resource_index/packages/my_bot
[1.173s] -- Symlinking: /home/keith/dev_ws/src/my_bot/install/my_bot/share/my_bot/cmake/my_botConfig.cmake
[1.181s] -- Symlinking: /home/keith/dev_ws/src/my_bot/install/my_bot/share/my_bot/cmake/my_botConfig-version.cmake
[1.190s] -- Symlinking: /home/keith/dev_ws/src/my_bot/install/my_bot/share/my_bot/package.xml
[1.200s] Invoked command in '/home/keith/dev_ws/src/my_bot/build/my_bot' returned '0': CMAKE_PREFIX_PATH=${CMAKE_PREFIX_PATH}:/opt/ros/humble /usr/bin/cmake --install /home/keith/dev_ws/src/my_bot/build/my_bot
