[0.103s] DEBUG:colcon:Command line arguments: ['/usr/bin/colcon', 'build', '--symlink-install']
[0.103s] DEBUG:colcon:Parsed command line arguments: Namespace(log_base=None, log_level=None, verb_name='build', build_base='build', install_base='install', merge_install=False, symlink_install=True, test_result_base=None, continue_on_error=False, executor='parallel', parallel_workers=4, event_handlers=None, ignore_user_meta=False, metas=['./colcon.meta'], base_paths=['.'], packages_ignore=None, packages_ignore_regex=None, paths=None, packages_up_to=None, packages_up_to_regex=None, packages_above=None, packages_above_and_dependencies=None, packages_above_depth=None, packages_select_by_dep=None, packages_skip_by_dep=None, packages_skip_up_to=None, packages_select_build_failed=False, packages_skip_build_finished=False, packages_select_test_failures=False, packages_skip_test_passed=False, packages_select=None, packages_skip=None, packages_select_regex=None, packages_skip_regex=None, packages_start=None, packages_end=None, allow_overriding=[], cmake_args=None, cmake_target=None, cmake_target_skip_unavailable=False, cmake_clean_cache=False, cmake_clean_first=False, cmake_force_configure=False, ament_cmake_args=None, catkin_cmake_args=None, catkin_skip_building_tests=False, verb_parser=<colcon_defaults.argument_parser.defaults.DefaultArgumentsDecorator object at 0x750609733a90>, verb_extension=<colcon_core.verb.build.BuildVerb object at 0x750609874fa0>, main=<bound method BuildVerb.main of <colcon_core.verb.build.BuildVerb object at 0x750609874fa0>>)
[0.262s] Level 1:colcon.colcon_core.package_discovery:discover_packages(colcon_meta) check parameters
[0.262s] Level 1:colcon.colcon_core.package_discovery:discover_packages(recursive) check parameters
[0.262s] Level 1:colcon.colcon_core.package_discovery:discover_packages(ignore) check parameters
[0.262s] Level 1:colcon.colcon_core.package_discovery:discover_packages(path) check parameters
[0.262s] Level 1:colcon.colcon_core.package_discovery:discover_packages(colcon_meta) discover
[0.262s] Level 1:colcon.colcon_core.package_discovery:discover_packages(recursive) discover
[0.262s] INFO:colcon.colcon_core.package_discovery:Crawling recursively for packages in '/home/keith/dev_ws/src/my_bot'
[0.262s] Level 1:colcon.colcon_core.package_identification:_identify(.) by extensions ['ignore', 'ignore_ament_install']
[0.262s] Level 1:colcon.colcon_core.package_identification:_identify(.) by extension 'ignore'
[0.262s] Level 1:colcon.colcon_core.package_identification:_identify(.) by extension 'ignore_ament_install'
[0.262s] Level 1:colcon.colcon_core.package_identification:_identify(.) by extensions ['colcon_pkg']
[0.262s] Level 1:colcon.colcon_core.package_identification:_identify(.) by extension 'colcon_pkg'
[0.262s] Level 1:colcon.colcon_core.package_identification:_identify(.) by extensions ['colcon_meta']
[0.262s] Level 1:colcon.colcon_core.package_identification:_identify(.) by extension 'colcon_meta'
[0.262s] Level 1:colcon.colcon_core.package_identification:_identify(.) by extensions ['ros']
[0.262s] Level 1:colcon.colcon_core.package_identification:_identify(.) by extension 'ros'
[0.275s] DEBUG:colcon.colcon_core.package_identification:Package '.' with type 'ros.ament_cmake' and name 'my_bot'
[0.275s] Level 1:colcon.colcon_core.package_discovery:discover_packages(recursive) using defaults
[0.275s] Level 1:colcon.colcon_core.package_discovery:discover_packages(ignore) discover
[0.275s] Level 1:colcon.colcon_core.package_discovery:discover_packages(ignore) using defaults
[0.275s] Level 1:colcon.colcon_core.package_discovery:discover_packages(path) discover
[0.275s] Level 1:colcon.colcon_core.package_discovery:discover_packages(path) using defaults
[0.292s] Level 1:colcon.colcon_core.package_discovery:discover_packages(prefix_path) check parameters
[0.293s] Level 1:colcon.colcon_core.package_discovery:discover_packages(prefix_path) discover
[0.294s] DEBUG:colcon.colcon_installed_package_information.package_discovery:Found 1 installed packages in /home/keith/dev_ws/install
[0.296s] DEBUG:colcon.colcon_installed_package_information.package_discovery:Found 340 installed packages in /opt/ros/humble
[0.307s] Level 1:colcon.colcon_core.package_discovery:discover_packages(prefix_path) using defaults
[0.349s] Level 5:colcon.colcon_core.verb:set package 'my_bot' build argument 'cmake_args' from command line to 'None'
[0.349s] Level 5:colcon.colcon_core.verb:set package 'my_bot' build argument 'cmake_target' from command line to 'None'
[0.349s] Level 5:colcon.colcon_core.verb:set package 'my_bot' build argument 'cmake_target_skip_unavailable' from command line to 'False'
[0.349s] Level 5:colcon.colcon_core.verb:set package 'my_bot' build argument 'cmake_clean_cache' from command line to 'False'
[0.349s] Level 5:colcon.colcon_core.verb:set package 'my_bot' build argument 'cmake_clean_first' from command line to 'False'
[0.349s] Level 5:colcon.colcon_core.verb:set package 'my_bot' build argument 'cmake_force_configure' from command line to 'False'
[0.349s] Level 5:colcon.colcon_core.verb:set package 'my_bot' build argument 'ament_cmake_args' from command line to 'None'
[0.349s] Level 5:colcon.colcon_core.verb:set package 'my_bot' build argument 'catkin_cmake_args' from command line to 'None'
[0.349s] Level 5:colcon.colcon_core.verb:set package 'my_bot' build argument 'catkin_skip_building_tests' from command line to 'False'
[0.349s] DEBUG:colcon.colcon_core.verb:Building package 'my_bot' with the following arguments: {'ament_cmake_args': None, 'build_base': '/home/keith/dev_ws/src/my_bot/build/my_bot', 'catkin_cmake_args': None, 'catkin_skip_building_tests': False, 'cmake_args': None, 'cmake_clean_cache': False, 'cmake_clean_first': False, 'cmake_force_configure': False, 'cmake_target': None, 'cmake_target_skip_unavailable': False, 'install_base': '/home/keith/dev_ws/src/my_bot/install/my_bot', 'merge_install': False, 'path': '/home/keith/dev_ws/src/my_bot', 'symlink_install': True, 'test_result_base': None}
[0.349s] INFO:colcon.colcon_core.executor:Executing jobs using 'parallel' executor
[0.350s] DEBUG:colcon.colcon_parallel_executor.executor.parallel:run_until_complete
[0.350s] INFO:colcon.colcon_ros.task.ament_cmake.build:Building ROS package in '/home/keith/dev_ws/src/my_bot' with build type 'ament_cmake'
[0.350s] INFO:colcon.colcon_cmake.task.cmake.build:Building CMake package in '/home/keith/dev_ws/src/my_bot'
[0.352s] INFO:colcon.colcon_core.plugin_system:Skipping extension 'colcon_core.shell.bat': Not used on non-Windows systems
[0.352s] INFO:colcon.colcon_core.shell:Skip shell extension 'powershell' for command environment: Not usable outside of PowerShell
[0.352s] DEBUG:colcon.colcon_core.shell:Skip shell extension 'dsv' for command environment
[0.360s] DEBUG:colcon.colcon_core.event_handler.log_command:Invoking command in '/home/keith/dev_ws/src/my_bot/build/my_bot': CMAKE_PREFIX_PATH=${CMAKE_PREFIX_PATH}:/opt/ros/humble /usr/bin/cmake /home/keith/dev_ws/src/my_bot -DAMENT_CMAKE_SYMLINK_INSTALL=1 -DCMAKE_INSTALL_PREFIX=/home/keith/dev_ws/src/my_bot/install/my_bot
[1.239s] DEBUG:colcon.colcon_core.event_handler.log_command:Invoked command in '/home/keith/dev_ws/src/my_bot/build/my_bot' returned '0': CMAKE_PREFIX_PATH=${CMAKE_PREFIX_PATH}:/opt/ros/humble /usr/bin/cmake /home/keith/dev_ws/src/my_bot -DAMENT_CMAKE_SYMLINK_INSTALL=1 -DCMAKE_INSTALL_PREFIX=/home/keith/dev_ws/src/my_bot/install/my_bot
[1.242s] DEBUG:colcon.colcon_core.event_handler.log_command:Invoking command in '/home/keith/dev_ws/src/my_bot/build/my_bot': CMAKE_PREFIX_PATH=${CMAKE_PREFIX_PATH}:/opt/ros/humble /usr/bin/cmake --build /home/keith/dev_ws/src/my_bot/build/my_bot -- -j4 -l4
[1.281s] DEBUG:colcon.colcon_core.event_handler.log_command:Invoked command in '/home/keith/dev_ws/src/my_bot/build/my_bot' returned '0': CMAKE_PREFIX_PATH=${CMAKE_PREFIX_PATH}:/opt/ros/humble /usr/bin/cmake --build /home/keith/dev_ws/src/my_bot/build/my_bot -- -j4 -l4
[1.293s] DEBUG:colcon.colcon_core.event_handler.log_command:Invoking command in '/home/keith/dev_ws/src/my_bot/build/my_bot': CMAKE_PREFIX_PATH=${CMAKE_PREFIX_PATH}:/opt/ros/humble /usr/bin/cmake --install /home/keith/dev_ws/src/my_bot/build/my_bot
[1.550s] Level 1:colcon.colcon_core.environment:create_environment_scripts_only(my_bot)
[1.551s] DEBUG:colcon.colcon_core.event_handler.log_command:Invoked command in '/home/keith/dev_ws/src/my_bot/build/my_bot' returned '0': CMAKE_PREFIX_PATH=${CMAKE_PREFIX_PATH}:/opt/ros/humble /usr/bin/cmake --install /home/keith/dev_ws/src/my_bot/build/my_bot
[1.553s] Level 1:colcon.colcon_core.environment:checking '/home/keith/dev_ws/src/my_bot/install/my_bot' for CMake module files
[1.553s] Level 1:colcon.colcon_core.environment:checking '/home/keith/dev_ws/src/my_bot/install/my_bot' for CMake config files
[1.554s] Level 1:colcon.colcon_core.shell:create_environment_hook('my_bot', 'cmake_prefix_path')
[1.554s] INFO:colcon.colcon_core.shell:Creating environment hook '/home/keith/dev_ws/src/my_bot/install/my_bot/share/my_bot/hook/cmake_prefix_path.ps1'
[1.554s] INFO:colcon.colcon_core.shell:Creating environment descriptor '/home/keith/dev_ws/src/my_bot/install/my_bot/share/my_bot/hook/cmake_prefix_path.dsv'
[1.555s] INFO:colcon.colcon_core.shell:Creating environment hook '/home/keith/dev_ws/src/my_bot/install/my_bot/share/my_bot/hook/cmake_prefix_path.sh'
[1.556s] Level 1:colcon.colcon_core.environment:checking '/home/keith/dev_ws/src/my_bot/install/my_bot/bin'
[1.556s] Level 1:colcon.colcon_core.environment:checking '/home/keith/dev_ws/src/my_bot/install/my_bot/lib/pkgconfig/my_bot.pc'
[1.556s] Level 1:colcon.colcon_core.environment:checking '/home/keith/dev_ws/src/my_bot/install/my_bot/lib/python3.10/site-packages'
[1.556s] Level 1:colcon.colcon_core.environment:checking '/home/keith/dev_ws/src/my_bot/install/my_bot/bin'
[1.557s] INFO:colcon.colcon_core.shell:Creating package script '/home/keith/dev_ws/src/my_bot/install/my_bot/share/my_bot/package.ps1'
[1.557s] INFO:colcon.colcon_core.shell:Creating package descriptor '/home/keith/dev_ws/src/my_bot/install/my_bot/share/my_bot/package.dsv'
[1.558s] INFO:colcon.colcon_core.shell:Creating package script '/home/keith/dev_ws/src/my_bot/install/my_bot/share/my_bot/package.sh'
[1.559s] INFO:colcon.colcon_core.shell:Creating package script '/home/keith/dev_ws/src/my_bot/install/my_bot/share/my_bot/package.bash'
[1.559s] INFO:colcon.colcon_core.shell:Creating package script '/home/keith/dev_ws/src/my_bot/install/my_bot/share/my_bot/package.zsh'
[1.560s] Level 1:colcon.colcon_core.environment:create_file_with_runtime_dependencies(/home/keith/dev_ws/src/my_bot/install/my_bot/share/colcon-core/packages/my_bot)
[1.561s] Level 1:colcon.colcon_core.environment:create_environment_scripts_only(my_bot)
[1.563s] Level 1:colcon.colcon_core.environment:checking '/home/keith/dev_ws/src/my_bot/install/my_bot' for CMake module files
[1.563s] Level 1:colcon.colcon_core.environment:checking '/home/keith/dev_ws/src/my_bot/install/my_bot' for CMake config files
[1.564s] Level 1:colcon.colcon_core.shell:create_environment_hook('my_bot', 'cmake_prefix_path')
[1.564s] INFO:colcon.colcon_core.shell:Creating environment hook '/home/keith/dev_ws/src/my_bot/install/my_bot/share/my_bot/hook/cmake_prefix_path.ps1'
[1.564s] INFO:colcon.colcon_core.shell:Creating environment descriptor '/home/keith/dev_ws/src/my_bot/install/my_bot/share/my_bot/hook/cmake_prefix_path.dsv'
[1.565s] INFO:colcon.colcon_core.shell:Creating environment hook '/home/keith/dev_ws/src/my_bot/install/my_bot/share/my_bot/hook/cmake_prefix_path.sh'
[1.565s] Level 1:colcon.colcon_core.environment:checking '/home/keith/dev_ws/src/my_bot/install/my_bot/bin'
[1.565s] Level 1:colcon.colcon_core.environment:checking '/home/keith/dev_ws/src/my_bot/install/my_bot/lib/pkgconfig/my_bot.pc'
[1.565s] Level 1:colcon.colcon_core.environment:checking '/home/keith/dev_ws/src/my_bot/install/my_bot/lib/python3.10/site-packages'
[1.566s] Level 1:colcon.colcon_core.environment:checking '/home/keith/dev_ws/src/my_bot/install/my_bot/bin'
[1.566s] INFO:colcon.colcon_core.shell:Creating package script '/home/keith/dev_ws/src/my_bot/install/my_bot/share/my_bot/package.ps1'
[1.566s] INFO:colcon.colcon_core.shell:Creating package descriptor '/home/keith/dev_ws/src/my_bot/install/my_bot/share/my_bot/package.dsv'
[1.567s] INFO:colcon.colcon_core.shell:Creating package script '/home/keith/dev_ws/src/my_bot/install/my_bot/share/my_bot/package.sh'
[1.567s] INFO:colcon.colcon_core.shell:Creating package script '/home/keith/dev_ws/src/my_bot/install/my_bot/share/my_bot/package.bash'
[1.568s] INFO:colcon.colcon_core.shell:Creating package script '/home/keith/dev_ws/src/my_bot/install/my_bot/share/my_bot/package.zsh'
[1.568s] Level 1:colcon.colcon_core.environment:create_file_with_runtime_dependencies(/home/keith/dev_ws/src/my_bot/install/my_bot/share/colcon-core/packages/my_bot)
[1.568s] DEBUG:colcon.colcon_parallel_executor.executor.parallel:closing loop
[1.568s] DEBUG:colcon.colcon_parallel_executor.executor.parallel:loop closed
[1.568s] DEBUG:colcon.colcon_parallel_executor.executor.parallel:run_until_complete finished with '0'
[1.568s] DEBUG:colcon.colcon_core.event_reactor:joining thread
[1.574s] INFO:colcon.colcon_core.plugin_system:Skipping extension 'colcon_notification.desktop_notification.terminal_notifier': Not used on non-Darwin systems
[1.574s] INFO:colcon.colcon_core.plugin_system:Skipping extension 'colcon_notification.desktop_notification.win32': Not used on non-Windows systems
[1.574s] INFO:colcon.colcon_notification.desktop_notification:Sending desktop notification using 'notify2'
[1.591s] DEBUG:colcon.colcon_core.event_reactor:joined thread
[1.591s] INFO:colcon.colcon_core.shell:Creating prefix script '/home/keith/dev_ws/src/my_bot/install/local_setup.ps1'
[1.592s] INFO:colcon.colcon_core.shell:Creating prefix util module '/home/keith/dev_ws/src/my_bot/install/_local_setup_util_ps1.py'
[1.597s] INFO:colcon.colcon_core.shell:Creating prefix chain script '/home/keith/dev_ws/src/my_bot/install/setup.ps1'
[1.598s] INFO:colcon.colcon_core.shell:Creating prefix script '/home/keith/dev_ws/src/my_bot/install/local_setup.sh'
[1.599s] INFO:colcon.colcon_core.shell:Creating prefix util module '/home/keith/dev_ws/src/my_bot/install/_local_setup_util_sh.py'
[1.599s] INFO:colcon.colcon_core.shell:Creating prefix chain script '/home/keith/dev_ws/src/my_bot/install/setup.sh'
[1.600s] INFO:colcon.colcon_core.shell:Creating prefix script '/home/keith/dev_ws/src/my_bot/install/local_setup.bash'
[1.601s] INFO:colcon.colcon_core.shell:Creating prefix chain script '/home/keith/dev_ws/src/my_bot/install/setup.bash'
[1.601s] INFO:colcon.colcon_core.shell:Creating prefix script '/home/keith/dev_ws/src/my_bot/install/local_setup.zsh'
[1.602s] INFO:colcon.colcon_core.shell:Creating prefix chain script '/home/keith/dev_ws/src/my_bot/install/setup.zsh'
